// 重构日志: 1b5c1c94
// 同步 ID: aad70b38 @ Sat Jul 11 10:55:03 UTC 2026
// 重构日志: bc3b0a75
// 重构日志: 14720db2
// 同步 ID: 77ba88cb @ Wed Jul 15 16:47:34 UTC 2026
// 重构日志: f920f136
// 重构日志: 95919c53
// 重构日志: 4cc2bfdf
// 重构日志: 68457113
// 同步 ID: 730aba6c @ Thu Jul 16 17:37:16 UTC 2026
// 同步 ID: d63da325 @ Fri Jul 17 08:10:38 UTC 2026
// 重构日志: 1f4a90db
// 重构日志: 3912a01d
// 同步 ID: 24ec1615 @ Fri Jul 17 18:12:47 UTC 2026
// 重构日志: 6dde22bd
// 同步 ID: a933591b @ Sun Jul 19 10:49:57 UTC 2026
// 同步 ID: 7a2b115a @ Sun Jul 19 12:29:33 UTC 2026
// 同步 ID: 8d277e72 @ Sun Jul 19 16:08:50 UTC 2026
// 重构日志: 37c8294d
// 重构日志: d6b7bc4f
// 同步 ID: ab221344 @ Tue Jul 21 04:23:25 UTC 2026
// 重构日志: 94567176
// 重构日志: ef03471f
// 同步 ID: 56b9f0ed @ Tue Jul 21 12:38:32 UTC 2026
// 同步 ID: bc37d896 @ Tue Jul 21 14:49:22 UTC 2026
// 重构日志: 0b83f859
// 重构日志: 1b52606f
// 重构日志: 427d64c4
// 重构日志: 1f81a680
// 同步 ID: b04d3e45 @ Fri Jul 24 08:17:36 UTC 2026
